[2025-08-19 16:50:09] 🚀 Старт програми
[2025-08-19 16:50:09] ⚠️ Конфігурація відсутня — відкриваємо діалог
[2025-08-19 16:50:38] ❌ Немає конфігурації — вихід
[2025-08-19 16:52:33] 🚀 Старт програми
[2025-08-19 16:52:33] ⚠️ Конфігурація відсутня — відкриваємо діалог
[2025-08-19 16:52:46] ❌ Немає конфігурації — вихід
[2025-08-19 20:53:52] [log.bootstrap.start]
[2025-08-19 20:53:52] [⚠️ Конфігурація відсутня — відкриваємо діалог]
[2025-08-19 20:54:15] [❌ Немає конфігурації — вихід]
[2025-08-19 20:54:35] [log.bootstrap.start]
[2025-08-19 20:54:35] [⚠️ Конфігурація відсутня — відкриваємо діалог]
[2025-08-19 21:03:07] Запуск системи
[2025-08-19 21:03:07] [⚠️ Конфігурація відсутня — відкриваємо діалог]
[2025-08-19 21:03:44] [❌ Немає конфігурації — вихід]
[2025-08-19 21:09:07] Запуск системи
[2025-08-19 21:09:07] [⚠️ Конфігурація відсутня — відкриваємо діалог]
[2025-08-19 21:09:30] Запуск системи
[2025-08-19 21:09:30] [⚠️ Конфігурація відсутня — відкриваємо діалог]
[2025-08-19 21:09:32] [❌ Немає конфігурації — вихід]
[2025-08-19 21:11:14] System startup
[2025-08-19 21:11:14] [⚠️ Конфігурація відсутня — відкриваємо діалог]
[2025-08-19 21:11:17] [❌ Немає конфігурації — вихід]
[2025-08-19 21:11:50] Запуск системи
[2025-08-19 21:11:50] [⚠️ Конфігурація відсутня — відкриваємо діалог]
[2025-08-19 21:12:03] [❌ Немає конфігурації — вихід]
[2025-08-20 10:24:33] Запуск системи
[2025-08-20 10:25:05] Запуск системи
[2025-08-20 10:25:16] [❌ Базу не обрано — вихід]
[2025-08-20 10:25:51] Запуск системи
[2025-08-20 10:26:07] [❌ Базу не обрано — вихід]
[2025-08-20 10:28:28] Запуск системи
[2025-08-20 10:35:02] Запуск системи
[2025-08-20 10:37:53] Запуск системи
[2025-08-20 10:38:06] [✅ Базу обрано: Analytics_Test на localhost]
[2025-08-20 10:38:06] [⚠️ Конфігурація відсутня — відкриваємо діалог]
[2025-08-20 10:56:07] Запуск системи
[2025-08-20 10:57:09] [❌ Базу не обрано — вихід]
[2025-08-20 10:59:28] Запуск системи
[2025-08-20 11:00:45] Запуск системи
[2025-08-20 11:00:52] [❌ Базу не обрано — вихід]
[2025-08-20 11:01:04] Запуск системи
[2025-08-20 11:01:09] [❌ Базу не обрано — вихід]
[2025-08-20 11:01:23] Запуск системи
[2025-08-20 11:02:11] [❌ Базу не обрано — вихід]
[2025-08-20 11:02:35] Запуск системи
[2025-08-20 11:02:36] [✅ Базу обрано: Sales_UA на 127.0.0.1]
[2025-08-20 11:02:36] [⚠️ Конфігурація відсутня — відкриваємо діалог]
[2025-08-20 11:02:38] [❌ Немає конфігурації — вихід]
[2025-08-20 11:03:56] Запуск системи
[2025-08-20 11:03:58] [❌ Базу не обрано — вихід]
